2026-01-01T12:45:08.942386 - SENDING OTP: email=[j08912110@gmail.com], otp=[164987]
2026-01-01T12:45:26.803368 - VERIFYING OTP: email=[j08912110@gmail.com], otp=[164987]
2026-01-01T12:45:26.880967 - FOUND DOC: stored_otp=[164987]
2026-01-01T12:45:26.881637 - SUCCESS: OTP match successful for j08912110@gmail.com
2026-01-01T12:45:30.452619 - VERIFYING OTP: email=[j08912110@gmail.com], otp=[164987]
2026-01-01T12:45:30.548837 - FAILED: doc not found for [j08912110@gmail.com]
2026-01-01T12:45:31.358139 - VERIFYING OTP: email=[j08912110@gmail.com], otp=[164987]
2026-01-01T12:45:31.430184 - FAILED: doc not found for [j08912110@gmail.com]
2026-01-01T12:45:32.172082 - VERIFYING OTP: email=[j08912110@gmail.com], otp=[164987]
2026-01-01T12:45:32.239098 - FAILED: doc not found for [j08912110@gmail.com]
2026-01-01T12:51:21.589129 - SENDING OTP: email=[j08912110@gmail.com], otp=[831249]
2026-01-01T12:51:38.394087 - VERIFYING OTP: email=[j08912110@gmail.com], otp=[831249]
2026-01-01T12:51:38.690321 - FOUND DOC: stored_otp=[831249]
2026-01-01T12:51:38.692201 - SUCCESS: OTP match successful for j08912110@gmail.com
2026-01-01T12:51:42.230461 - VERIFYING OTP: email=[j08912110@gmail.com], otp=[831249]
2026-01-01T12:51:43.780931 - FOUND DOC: stored_otp=[831249]
2026-01-01T12:51:43.782660 - SUCCESS: OTP match successful for j08912110@gmail.com
2026-01-01T12:52:19.247377 - SENDING OTP: email=[j08912110@gmail.com], otp=[649537]
2026-01-01T12:52:54.022260 - VERIFYING OTP: email=[j08912110@gmail.com], otp=[649537]
2026-01-01T12:52:54.117594 - FOUND DOC: stored_otp=[649537]
2026-01-01T12:52:54.119174 - SUCCESS: OTP match successful for j08912110@gmail.com
2026-01-01T12:52:55.206575 - DELETED OTP for [j08912110@gmail.com]
2026-01-01T12:53:38.086575 - SENDING OTP: email=[j08912110@gmail.com], otp=[953769]
2026-01-01T12:53:55.619476 - VERIFYING OTP: email=[j08912110@gmail.com], otp=[953769]
2026-01-01T12:53:55.688676 - FOUND DOC: stored_otp=[953769]
2026-01-01T12:53:55.689645 - SUCCESS: OTP match successful for j08912110@gmail.com
2026-01-01T12:53:56.077462 - DELETED OTP for [j08912110@gmail.com]
2026-01-01T16:26:42.501515 - SENDING OTP: email=[subhilogix@gmail.com], otp=[019804]
2026-01-01T16:27:21.609704 - VERIFYING OTP: email=[subhilogix@gmail.com], otp=[019804]
2026-01-01T16:27:21.786061 - FOUND DOC: stored_otp=[019804]
2026-01-01T16:27:21.787105 - SUCCESS: OTP match successful for subhilogix@gmail.com
2026-01-01T16:27:31.325722 - SENDING OTP: email=[subhilogix@gmail.com], otp=[939886]
2026-01-01T16:27:49.896120 - VERIFYING OTP: email=[subhilogix@gmail.com], otp=[939886]
2026-01-01T16:27:50.042483 - FOUND DOC: stored_otp=[939886]
2026-01-01T16:27:50.046090 - SUCCESS: OTP match successful for subhilogix@gmail.com
2026-01-01T16:27:50.679787 - DELETED OTP for [subhilogix@gmail.com]
